
         ==============================
         S N O P T  7.7.3    (Dec 2019)
         ==============================
1

 SNMEMA EXIT 100 -- finished successfully
 SNMEMA INFO 104 -- memory requirements estimated
      Total character workspace             500
      Total integer   workspace           31900
      Total real      workspace           20988
1

 Parameters
 ==========

 Files
 -----
 Solution file..........         0       Old basis file ........         0       Standard input.........         5
 Insert file............         0       New basis file ........         0       (Printer)..............        18
 Punch file.............         0       Backup basis file......         0       (Specs file)...........         0
 Load file..............         0       Dump file..............         0       Standard output........         6

 Frequencies
 -----------
 Print frequency........       100       Check frequency........        60       Save new basis map.....       100
 Summary frequency......       100       Factorization frequency        50       Expand frequency.......     10000

 QP subproblems
 --------------
 QPsolver Cholesky......
 Scale tolerance........     0.900       Minor feasibility tol..  1.00E-06       Iteration limit........     10000
 Scale option...........         0       Minor optimality  tol..  1.00E-06       Minor print level......         1
 Crash tolerance........     0.100       Pivot tolerance........  3.25E-11       New superbasics........        99
 Crash option...........         3       Elastic weight.........  1.00E+05

 Partial pricing
 ---------------
 LP Partial price.......         1       Prtl price section ( A)        25       Prtl price section (-I)        26
 QP Partial price.......         1       Prtl price section ( A)        25       Prtl price section (-I)        26

 The SQP Method
 --------------
 Minimize...............                 Cold start.............                 Proximal Point method..         1
 Nonlinear objectiv vars        25       Objective Row..........         1       Function precision.....  3.00E-13
 Unbounded step size....  1.00E+20       Superbasics limit......        25       Difference interval....  5.48E-07
 Unbounded objective....  1.00E+10       Reduced Hessian dim....        25       Central difference int.  6.70E-05
 Major step limit.......  2.00E+00       Derivative linesearch..                 Derivative option......         1
 Major iterations limit.      1000       Linesearch tolerance...   0.90000       Verify level...........         0
 Minor iterations limit.       500       Penalty parameter......  0.00E+00       Major Print Level......         1
 Time limit (secs)...... 9999999.0       Major optimality tol...  2.00E-06

 Hessian Approximation
 ---------------------
 Hessian full-memory....                 Hessian updates........  99999999       Hessian frequency......  99999999
                                                                                 Hessian flush..........  99999999

 Nonlinear constraints
 ---------------------
 Nonlinear constraints..        25       Major feasibility tol..  1.00E-06       Violation limit........  1.00E+01
 Nonlinear Jacobian vars        25

 Miscellaneous
 -------------
 LU factor tolerance....      3.99       LU singularity tol.....  3.25E-11       Timing level...........         3
 LU update tolerance....      3.99       LU swap tolerance......  1.22E-04       Debug level............         0
 LU partial  pivoting...                 eps (machine precision)  2.22E-16       System information.....        No
                                                                                 Sticky parameters......        No
1




 Matrix statistics
 -----------------
               Total      Normal        Free       Fixed     Bounded
 Rows             26          24           1           1           0
 Columns          25           0           0           0          25

 No. of matrix elements                  625     Density      96.154
 Biggest  constant element        0.0000E+00  (excluding fixed columns,
 Smallest constant element        0.0000E+00   free rows, and RHS)

 No. of objective coefficients             0

 Nonlinear constraints      25     Linear constraints       1
 Nonlinear variables        25     Linear variables         0
 Jacobian  variables        25     Objective variables     25
 Total constraints          26     Total variables         25
1



 The user has defined     650   out of     650   first  derivatives

 Cheap test of user-supplied problem derivatives...

 The constraint gradients seem to be OK.

 -->  The largest discrepancy was    7.41E-08  in constraint    27


 The objective  gradients seem to be OK.

 Gradient projected in one direction   2.00310953338E-05
 Difference approximation              2.00322385937E-05
1



   Itns Major Minors    Step   nCon Feasible  Optimal  MeritFunction     L+U BSwap     nS condZHZ Penalty
      2     0      2              1  2.4E-01  5.9E-02  3.1399673E-02      74            1 1.0E+00         _  r
     23     1     21 1.0E+00      2  1.2E-02  2.3E-03 -9.6473542E-03      74           21 1.3E+01 1.8E+01 _  r
     32     2      9 1.0E+00      3  5.3E-05  5.2E-04  2.4337277E-02      74           13 1.3E+01 4.8E+02 _s
     45     3     13 6.2E-01      5  2.6E-03  3.5E-04  2.4050342E-02      74           21 7.8E+00 2.2E+01 _
     54     4      9 4.4E-01      7  7.0E-03  2.1E-04  2.3741555E-02      74           15 8.5E+00 6.6E+00 _
     59     5      5 4.7E-01      9  6.6E-03  1.2E-04  2.3539567E-02      74           15 1.3E+01 6.6E+00 _
     62     6      3 1.0E+00     10  4.4E-03  3.7E-04  2.3425827E-02      74           15 1.4E+01 6.6E+00 _
     64     7      2 1.0E+00     11  1.5E-03  2.2E-04  2.3323170E-02      74           14 1.3E+01 6.6E+00 _
     66     8      2 1.0E+00     12  6.8E-04  2.7E-04  2.3307304E-02      47    14     15 1.9E+01 6.6E+00 _
     67     9      1 4.9E-01     14  2.8E-04  9.9E-05  2.3298067E-02      47           15 1.1E+01 6.6E+00 _
     68    10      1 1.0E+00     15  5.9E-06  5.8E-05  2.3293731E-02      47           15 8.8E+00 6.6E+00 _
     70    11      2 1.0E+00     16  1.1E-04  3.4E-05  2.3292376E-02      49           14 9.0E+00 6.6E+00 _
     71    12      1 1.0E+00     17  1.6E-06  2.2E-05  2.3291742E-02      49           14 1.0E+01 6.6E+00 _
     72    13      1 1.0E+00     18  2.1E-05  1.9E-05  2.3291697E-02      49           14 1.2E+01 6.6E+00 _
     73    14      1 1.0E+00     19  1.4E-05  4.4E-06  2.3291643E-02      49           14 1.1E+01 6.6E+00 _
     74    15      1 1.0E+00     20 (1.7E-07)(1.3E-06) 2.3291636E-02      49           14 1.1E+01 6.6E+00 _
1

 SNOPTA EXIT   0 -- finished successfully
 SNOPTA INFO   1 -- optimality conditions satisfied

 Problem name                 Opt Prob
 No. of iterations                  74   Objective            2.3291640158E-02
 No. of major iterations            15   Linear    obj. term  0.0000000000E+00
 Penalty parameter           6.629E+00   Nonlinear obj. term  2.3291640158E-02
 User function calls (total)        21
 No. of superbasics                 14   No. of basic nonlinears            12
 No. of degenerate steps             0   Percentage                       0.00
 Max x                       1 9.7E-01   Max pi                     26 1.0E+00
 Max Primal infeas          27 1.7E-07   Max Dual infeas            19 1.5E-06
 Nonlinear constraint violn    1.7E-07
1

 Name           Opt Prob                 Objective Value      2.3291640158E-02

 Status         Optimal Soln             Iteration     74    Superbasics    14

 Objective               (Min)
 RHS
 Ranges
 Bounds

 Section 1 - Constraints

  Number  ...Row.. State  ...Value......  Slack Value...  ..Lower Limit.  ..Upper Limit.  .Dual Variable    ..i

      26  r      1    BS          .               .                None            None           .           1
      27  r      2    EQ         0.00000         0.00000          .               .              0.02727      2
      28  r      3    UL          .               .                None           .             -0.00018      3
      29  r      4    UL          .               .                None           .             -0.00013      4
      30  r      5    UL          .               .                None           .             -0.00009      5
      31  r      6    UL          .               .                None           .             -0.00005      6
      32  r      7    UL          .               .                None           .             -0.00002      7
      33  r      8    BS        -0.00738        -0.00738           None           .               .           8
      34  r      9    BS        -0.01707        -0.01707           None           .               .           9
      35  r     10    BS        -0.01362        -0.01362           None           .               .          10
      36  r     11    UL          .               .                None           .             -0.00000     11
      37  r     12    UL          .               .                None           .             -0.00005     12
      38  r     13    UL          .               .                None           .             -0.00010     13
      39  r     14    UL          .               .                None           .             -0.00015     14
      40  r     15    UL          .               .                None           .             -0.00002     15
      41  r     16    BS        -0.11077        -0.11077           None           .               .          16
      42  r     17    BS        -0.07035        -0.07035           None           .               .          17
      43  r     18    BS        -0.03719        -0.03719           None           .               .          18
      44  r     19   SBS        -0.02688        -0.02688           None           .               .          19
      45  r     20    BS        -0.03204        -0.03204           None           .               .          20
      46  r     21    BS        -0.04476        -0.04476           None           .               .          21
      47  r     22    BS        -0.05317        -0.05317           None           .               .          22
      48  r     23    BS        -0.05965        -0.05965           None           .               .          23
      49  r     24    BS        -0.06487        -0.06487           None           .               .          24
      50  r     25    BS        -0.06203        -0.06203           None           .               .          25
      51  r     26    BS        -0.23023        -0.23023           None           .               .          26
1

 Section 2 - Variables

  Number  .Column. State  ...Value......  .Obj Gradient.  ..Lower Limit.  ..Upper Limit.  .Dual Variable    m+j

       1  x      1    BS         0.96531         0.00120          .             10.00000        -0.00000     27
       2  x      2    BS         0.96531         0.00205          .             10.00000         0.00000     28
       3  x      3    BS         0.96531         0.00204          .             10.00000        -0.00000     29
       4  x      4   SBS         0.96531         0.00203          .             10.00000        -0.00000     30
       5  x      5    BS         0.96531         0.00201          .             10.00000        -0.00000     31
       6  x      6    BS         0.96531         0.00192          .             10.00000        -0.00000     32
       7  x      7   SBS         0.95792         0.00192          .             10.00000         0.00000     33
       8  x      8   SBS         0.94086         0.00210          .             10.00000         0.00000     34
       9  x      9    BS         0.92724         0.00219          .             10.00000        -0.00000     35
      10  x     10    BS         0.92724         0.00205          .             10.00000        -0.00000     36
      11  x     11    BS         0.92724         0.00197          .             10.00000        -0.00000     37
      12  x     12    BS         0.92724         0.00187          .             10.00000        -0.00000     38
      13  x     13    BS         0.92724         0.00151          .             10.00000         0.00000     39
      14  x     14   SBS         0.92724         0.00136          .             10.00000        -0.00000     40
      15  x     15   SBS         0.81646         0.00217          .             10.00000         0.00000     41
      16  x     16   SBS         0.74611         0.00241          .             10.00000         0.00000     42
      17  x     17   SBS         0.70892         0.00222          .             10.00000        -0.00000     43
      18  x     18    BS         0.68204         0.00213          .             10.00000         0.00000     44
      19  x     19   SBS         0.65000         0.00213          .             10.00000         0.00000     45
      20  x     20   SBS         0.60523         0.00214          .             10.00000        -0.00000     46
      21  x     21    BS         0.55207         0.00218          .             10.00000        -0.00000     47
      22  x     22   SBS         0.49242         0.00226          .             10.00000         0.00000     48
      23  x     23   SBS         0.42755         0.00209          .             10.00000        -0.00000     49
      24  x     24   SBS         0.36552         0.00547          .             10.00000        -0.00000     50
      25  x     25   SBS         0.13528        -0.00334          .             10.00000        -0.00000     51

 Time for MPS input                             0.00 seconds
 Time for solving problem                      13.12 seconds
 Time for solution output                       0.00 seconds
 Time for constraint functions                 13.12 seconds
 Time for objective function                    0.00 seconds
