
 ==============================
 S N O P T  7.7.3    (Dec 2019)
 ==============================

 SNMEMA EXIT 100 -- finished successfully
 SNMEMA INFO 104 -- memory requirements estimated



 Nonlinear constraints      25     Linear constraints       1
 Nonlinear variables        25     Linear variables         0
 Jacobian  variables        25     Objective variables     25
 Total constraints          26     Total variables         25



 The user has defined     650   out of     650   first  derivatives


 Major Minors     Step   nCon Feasible  Optimal  MeritFunction     nS Penalty
     0      2               1  2.4E-01  5.9E-02  3.1399673E-02      1           r
     1     21  1.0E+00      2  1.2E-02  2.3E-03 -9.6473542E-03     21 1.8E+01   r
     2      9  1.0E+00      3  5.3E-05  5.2E-04  2.4337277E-02     13 4.8E+02 s
     3     13  6.2E-01      5  2.6E-03  3.5E-04  2.4050342E-02     21 2.2E+01
     4      9  4.4E-01      7  7.0E-03  2.1E-04  2.3741555E-02     15 6.6E+00
     5      5  4.7E-01      9  6.6E-03  1.2E-04  2.3539567E-02     15 6.6E+00
     6      3  1.0E+00     10  4.4E-03  3.7E-04  2.3425827E-02     15 6.6E+00
     7      2  1.0E+00     11  1.5E-03  2.2E-04  2.3323170E-02     14 6.6E+00
     8      2  1.0E+00     12  6.8E-04  2.7E-04  2.3307304E-02     15 6.6E+00
     9      1  4.9E-01     14  2.8E-04  9.9E-05  2.3298067E-02     15 6.6E+00

 Major Minors     Step   nCon Feasible  Optimal  MeritFunction     nS Penalty
    10      1  1.0E+00     15  5.9E-06  5.8E-05  2.3293731E-02     15 6.6E+00
    11      2  1.0E+00     16  1.1E-04  3.4E-05  2.3292376E-02     14 6.6E+00
    12      1  1.0E+00     17  1.6E-06  2.2E-05  2.3291742E-02     14 6.6E+00
    13      1  1.0E+00     18  2.1E-05  1.9E-05  2.3291697E-02     14 6.6E+00
    14      1  1.0E+00     19  1.4E-05  4.4E-06  2.3291643E-02     14 6.6E+00
    15      1  1.0E+00     20 (1.7E-07)(1.3E-06) 2.3291636E-02     14 6.6E+00

 SNOPTA EXIT   0 -- finished successfully
 SNOPTA INFO   1 -- optimality conditions satisfied

 Problem name                 Opt Prob
 No. of iterations                  74   Objective            2.3291640158E-02
 No. of major iterations            15   Linear    obj. term  0.0000000000E+00
 Penalty parameter           6.629E+00   Nonlinear obj. term  2.3291640158E-02
 User function calls (total)        21
 No. of superbasics                 14   No. of basic nonlinears            12
 No. of degenerate steps             0   Percentage                       0.00
 Max x                       1 9.7E-01   Max pi                     26 1.0E+00
 Max Primal infeas          27 1.7E-07   Max Dual infeas            19 1.5E-06
 Nonlinear constraint violn    1.7E-07



 Solution printed on file  18

 Time for MPS input                             0.00 seconds
 Time for solving problem                      13.12 seconds
 Time for solution output                       0.00 seconds
 Time for constraint functions                 13.12 seconds
 Time for objective function                    0.00 seconds
